[0m20:35:47.730246 [debug] [MainThread]: Sending event: {'category': 'dbt', 'action': 'invocation', 'label': 'start', 'context': [<snowplow_tracker.self_describing_json.SelfDescribingJson object at 0x104be39d0>, <snowplow_tracker.self_describing_json.SelfDescribingJson object at 0x1068d8760>, <snowplow_tracker.self_describing_json.SelfDescribingJson object at 0x102a9f730>]}


============================== 20:35:47.732872 | d656e882-2fe2-44f0-a4b5-ce58744fa6f9 ==============================
[0m20:35:47.732872 [info ] [MainThread]: Running with dbt=1.7.7
[0m20:35:47.733219 [debug] [MainThread]: running dbt with arguments {'printer_width': '80', 'indirect_selection': 'eager', 'write_json': 'True', 'log_cache_events': 'False', 'partial_parse': 'True', 'cache_selected_only': 'False', 'warn_error': 'None', 'fail_fast': 'False', 'version_check': 'True', 'log_path': 'logs', 'profiles_dir': '/Users/aljazbensa/.dbt', 'debug': 'False', 'use_colors': 'True', 'use_experimental_parser': 'False', 'no_print': 'None', 'quiet': 'False', 'warn_error_options': 'WarnErrorOptions(include=[], exclude=[])', 'static_parser': 'True', 'log_format': 'default', 'introspect': 'True', 'target_path': 'None', 'invocation_command': 'dbt init dbt_test', 'send_anonymous_usage_stats': 'True'}
[0m20:35:47.733552 [warn ] [MainThread]: [ConfigFolderDirectory]: Unable to parse dict {'dir': PosixPath('/Users/aljazbensa/.dbt')}
[0m20:35:47.733754 [info ] [MainThread]: Creating dbt configuration folder at 
[0m20:35:47.734282 [debug] [MainThread]: Starter project path: /Users/aljazbensa/Documents/Udaciy/DBT/dbt/dbt_venv/lib/python3.9/site-packages/dbt/include/starter_project
[0m20:35:47.738027 [info ] [MainThread]: 
Your new dbt project "dbt_test" was created!

For more information on how to configure the profiles.yml file,
please consult the dbt documentation here:

  https://docs.getdbt.com/docs/configure-your-profile

One more thing:

Need help? Don't hesitate to reach out to us via GitHub issues or on Slack:

  https://community.getdbt.com/

Happy modeling!

[0m20:35:47.738246 [info ] [MainThread]: Setting up your profile.
[0m20:37:14.172683 [info ] [MainThread]: Profile dbt_test written to /Users/aljazbensa/.dbt/profiles.yml using target's profile_template.yml and your supplied values. Run 'dbt debug' to validate the connection.
[0m20:37:14.236247 [debug] [MainThread]: Resource report: {"command_name": "init", "command_success": true, "command_wall_clock_time": 86.51994, "process_user_time": 1.11175, "process_kernel_time": 0.140928, "process_mem_max_rss": "93274112", "process_in_blocks": "0", "process_out_blocks": "0"}
[0m20:37:14.237754 [debug] [MainThread]: Command `dbt init` succeeded at 20:37:14.237262 after 86.52 seconds
[0m20:37:14.239084 [debug] [MainThread]: Sending event: {'category': 'dbt', 'action': 'invocation', 'label': 'end', 'context': [<snowplow_tracker.self_describing_json.SelfDescribingJson object at 0x104be39d0>, <snowplow_tracker.self_describing_json.SelfDescribingJson object at 0x102a9f730>, <snowplow_tracker.self_describing_json.SelfDescribingJson object at 0x10691d0a0>]}
[0m20:37:14.239814 [debug] [MainThread]: Flushing usage events
[0m20:43:47.755830 [debug] [MainThread]: Sending event: {'category': 'dbt', 'action': 'invocation', 'label': 'start', 'context': [<snowplow_tracker.self_describing_json.SelfDescribingJson object at 0x1024df2b0>, <snowplow_tracker.self_describing_json.SelfDescribingJson object at 0x1042342b0>, <snowplow_tracker.self_describing_json.SelfDescribingJson object at 0x104223820>]}


============================== 20:43:47.758618 | df2a12bf-d803-423f-8bf6-edf80e45e0f0 ==============================
[0m20:43:47.758618 [info ] [MainThread]: Running with dbt=1.7.7
[0m20:43:47.758961 [debug] [MainThread]: running dbt with arguments {'printer_width': '80', 'indirect_selection': 'eager', 'write_json': 'True', 'log_cache_events': 'False', 'partial_parse': 'True', 'cache_selected_only': 'False', 'profiles_dir': '/Users/aljazbensa/.dbt', 'fail_fast': 'False', 'version_check': 'True', 'log_path': 'logs', 'debug': 'False', 'warn_error': 'None', 'use_colors': 'True', 'use_experimental_parser': 'False', 'no_print': 'None', 'quiet': 'False', 'warn_error_options': 'WarnErrorOptions(include=[], exclude=[])', 'static_parser': 'True', 'log_format': 'default', 'introspect': 'True', 'target_path': 'None', 'invocation_command': 'dbt debug', 'send_anonymous_usage_stats': 'True'}
[0m20:43:47.759354 [info ] [MainThread]: dbt version: 1.7.7
[0m20:43:47.759549 [info ] [MainThread]: python version: 3.9.6
[0m20:43:47.759726 [info ] [MainThread]: python path: /Users/aljazbensa/Documents/Udaciy/DBT/dbt/dbt_venv/bin/python3
[0m20:43:47.759900 [info ] [MainThread]: os info: macOS-14.2.1-arm64-arm-64bit
[0m20:43:47.823772 [info ] [MainThread]: Using profiles dir at /Users/aljazbensa/.dbt
[0m20:43:47.824107 [info ] [MainThread]: Using profiles.yml file at /Users/aljazbensa/.dbt/profiles.yml
[0m20:43:47.824328 [info ] [MainThread]: Using dbt_project.yml file at /Users/aljazbensa/Documents/Udaciy/DBT/dbt/dbt_project.yml
[0m20:43:47.824756 [info ] [MainThread]: adapter type: postgres
[0m20:43:47.825038 [info ] [MainThread]: adapter version: 1.7.7
[0m20:43:47.825259 [info ] [MainThread]: Configuration:
[0m20:43:47.825453 [info ] [MainThread]:   profiles.yml file [[32mOK found and valid[0m]
[0m20:43:47.825643 [info ] [MainThread]:   dbt_project.yml file [[31mERROR not found[0m]
[0m20:43:47.825838 [info ] [MainThread]: Required dependencies:
[0m20:43:47.826569 [debug] [MainThread]: Executing "git --help"
[0m20:43:47.847771 [debug] [MainThread]: STDOUT: "b"usage: git [-v | --version] [-h | --help] [-C <path>] [-c <name>=<value>]\n           [--exec-path[=<path>]] [--html-path] [--man-path] [--info-path]\n           [-p | --paginate | -P | --no-pager] [--no-replace-objects] [--bare]\n           [--git-dir=<path>] [--work-tree=<path>] [--namespace=<name>]\n           [--super-prefix=<path>] [--config-env=<name>=<envvar>]\n           <command> [<args>]\n\nThese are common Git commands used in various situations:\n\nstart a working area (see also: git help tutorial)\n   clone     Clone a repository into a new directory\n   init      Create an empty Git repository or reinitialize an existing one\n\nwork on the current change (see also: git help everyday)\n   add       Add file contents to the index\n   mv        Move or rename a file, a directory, or a symlink\n   restore   Restore working tree files\n   rm        Remove files from the working tree and from the index\n\nexamine the history and state (see also: git help revisions)\n   bisect    Use binary search to find the commit that introduced a bug\n   diff      Show changes between commits, commit and working tree, etc\n   grep      Print lines matching a pattern\n   log       Show commit logs\n   show      Show various types of objects\n   status    Show the working tree status\n\ngrow, mark and tweak your common history\n   branch    List, create, or delete branches\n   commit    Record changes to the repository\n   merge     Join two or more development histories together\n   rebase    Reapply commits on top of another base tip\n   reset     Reset current HEAD to the specified state\n   switch    Switch branches\n   tag       Create, list, delete or verify a tag object signed with GPG\n\ncollaborate (see also: git help workflows)\n   fetch     Download objects and refs from another repository\n   pull      Fetch from and integrate with another repository or a local branch\n   push      Update remote refs along with associated objects\n\n'git help -a' and 'git help -g' list available subcommands and some\nconcept guides. See 'git help <command>' or 'git help <concept>'\nto read about a specific subcommand or concept.\nSee 'git help git' for an overview of the system.\n""
[0m20:43:47.848861 [debug] [MainThread]: STDERR: "b''"
[0m20:43:47.849218 [info ] [MainThread]:  - git [[32mOK found[0m]

[0m20:43:47.849496 [info ] [MainThread]: Connection:
[0m20:43:47.849831 [info ] [MainThread]:   host: localhost
[0m20:43:47.850092 [info ] [MainThread]:   port: 5432
[0m20:43:47.850282 [info ] [MainThread]:   user: dbuser
[0m20:43:47.850576 [info ] [MainThread]:   database: flaskdb
[0m20:43:47.850828 [info ] [MainThread]:   schema: public
[0m20:43:47.851091 [info ] [MainThread]:   connect_timeout: 10
[0m20:43:47.851308 [info ] [MainThread]:   role: None
[0m20:43:47.851491 [info ] [MainThread]:   search_path: None
[0m20:43:47.851700 [info ] [MainThread]:   keepalives_idle: 0
[0m20:43:47.851901 [info ] [MainThread]:   sslmode: None
[0m20:43:47.852086 [info ] [MainThread]:   sslcert: None
[0m20:43:47.852267 [info ] [MainThread]:   sslkey: None
[0m20:43:47.852448 [info ] [MainThread]:   sslrootcert: None
[0m20:43:47.852627 [info ] [MainThread]:   application_name: dbt
[0m20:43:47.852835 [info ] [MainThread]:   retries: 1
[0m20:43:47.853211 [info ] [MainThread]: Registered adapter: postgres=1.7.7
[0m20:43:47.905854 [debug] [MainThread]: Acquiring new postgres connection 'debug'
[0m20:43:47.906456 [debug] [MainThread]: Using postgres connection "debug"
[0m20:43:47.906703 [debug] [MainThread]: On debug: select 1 as id
[0m20:43:47.906932 [debug] [MainThread]: Opening a new connection, currently in state init
[0m20:43:48.048307 [debug] [MainThread]: SQL status: SELECT 1 in 0.0 seconds
[0m20:43:48.049399 [debug] [MainThread]: On debug: Close
[0m20:43:48.049683 [info ] [MainThread]:   Connection test: [[32mOK connection ok[0m]

[0m20:43:48.049945 [info ] [MainThread]: [31m1 check failed:[0m
[0m20:43:48.050167 [info ] [MainThread]: Project loading failed for the following reason:
 project path </Users/aljazbensa/Documents/Udaciy/DBT/dbt/dbt_project.yml> not found

[0m20:43:48.051789 [debug] [MainThread]: Resource report: {"command_name": "debug", "command_wall_clock_time": 0.33013463, "process_user_time": 1.126024, "process_kernel_time": 0.169273, "process_mem_max_rss": "98598912", "command_success": false, "process_in_blocks": "0", "process_out_blocks": "0"}
[0m20:43:48.052230 [debug] [MainThread]: Command `dbt debug` failed at 20:43:48.052132 after 0.33 seconds
[0m20:43:48.052494 [debug] [MainThread]: Connection 'debug' was properly closed.
[0m20:43:48.052751 [debug] [MainThread]: Sending event: {'category': 'dbt', 'action': 'invocation', 'label': 'end', 'context': [<snowplow_tracker.self_describing_json.SelfDescribingJson object at 0x1024df2b0>, <snowplow_tracker.self_describing_json.SelfDescribingJson object at 0x10455e250>, <snowplow_tracker.self_describing_json.SelfDescribingJson object at 0x1038869a0>]}
[0m20:43:48.053044 [debug] [MainThread]: Flushing usage events
